============================================================
  Generated by:           Genus(TM) Synthesis Solution 21.14-s082_1
  Generated on:           May 26 2025  04:11:16 pm
  Module:                 top
  Operating conditions:   slow (balanced_tree)
  Wireload mode:          enclosed
  Area mode:              timing library
============================================================


Path 1: MET (7704 ps) Setup Check with Pin cnt_reg[11]/CK->D
          Group: clk
     Startpoint: (R) cnt_reg[0]/CK
          Clock: (R) clk
       Endpoint: (F) cnt_reg[11]/D
          Clock: (R) clk

                     Capture       Launch     
        Clock Edge:+   10000            0     
       Src Latency:+       0            0     
       Net Latency:+       0 (I)        0 (I) 
           Arrival:=   10000            0     
                                              
             Setup:-     371                  
     Required Time:=    9629                  
      Launch Clock:-       0                  
         Data Path:-    1925                  
             Slack:=    7704                  

#---------------------------------------------------------------------------------------
# Timing Point   Flags   Arc   Edge   Cell     Fanout Load Trans Delay Arrival Instance 
#                                                     (fF)  (ps)  (ps)   (ps)  Location 
#---------------------------------------------------------------------------------------
  cnt_reg[0]/CK  -       -     R     (arrival)     15    -     0     0       0    (-,-) 
  cnt_reg[0]/Q   -       CK->Q R     DFFRHQX1       3  8.0   239   400     400    (-,-) 
  g2446__1881/Y  -       A->Y  R     AND2X2         3  8.8   105   184     584    (-,-) 
  g2401__1666/Y  -       A->Y  R     AND2X2         3 10.5   114   170     754    (-,-) 
  g2363__8428/Y  -       A->Y  F     NAND2X1        3 11.5   144   104     858    (-,-) 
  g2346/Y        -       A->Y  R     INVX1          2  7.4   140   112     970    (-,-) 
  g2345__1666/Y  -       A->Y  F     NAND2X1        4 15.4   182   129    1099    (-,-) 
  g2334__9315/Y  -       A->Y  R     NOR3X1         4 11.4   404   262    1361    (-,-) 
  g2328__6131/Y  -       AN->Y R     NOR2BX1        1  5.6   187   227    1588    (-,-) 
  g2325__6783/Y  -       A->Y  R     XNOR2X1        1  2.7    90   276    1864    (-,-) 
  g2319__6260/Y  -       B->Y  F     NOR2XL         1  1.8   132    61    1925    (-,-) 
  cnt_reg[11]/D  <<<     -     F     DFFRHQX1       1    -     -     0    1925    (-,-) 
#---------------------------------------------------------------------------------------

